19:30:44 **** Incremental Build of configuration Debug for project Program 3 Unigram ****
make all 
Building file: ../Unigram.c
Invoking: GCC C Compiler
gcc -O0 -g3 -Wall -c -fmessage-length=0 -MMD -MP -MF"Unigram.d" -MT"Unigram.d" -o "Unigram.o" "../Unigram.c"
../Unigram.c:40:9: warning: implicitly declaring library function 'log10' with type 'double (double)'
        return log10(count) - log10(total);
               ^
../Unigram.c:40:9: note: include the header <math.h> or explicitly provide a declaration for 'log10'
../Unigram.c:118:6: warning: incompatible pointer to integer conversion initializing 'int' with an expression of type 'char *' [-Wint-conversion]
        int tableSize = argv[1];
            ^           ~~~~~~~
../Unigram.c:127:14: warning: incompatible integer to pointer conversion passing 'char' to parameter of type 'char *'; take the address with & [-Wint-conversion]
                stripLower(tempChar);
                           ^~~~~~~~
                           &
../Unigram.c:46:23: note: passing argument to parameter 'str' here
void stripLower(char* str) {
                      ^
../Unigram.c:128:13: warning: incompatible integer to pointer conversion passing 'char' to parameter of type 'const char *'; take the address with & [-Wint-conversion]
                if(strlen(tempChar) > 31){
                          ^~~~~~~~
                          &
/Applications/Xcode.app/Contents/Developer/Platforms/MacOSX.platform/Developer/SDKs/MacOSX10.10.sdk/usr/include/string.h:82:28: note: passing argument to parameter here
size_t   strlen(const char *);
                            ^
4 warnings generated.
Finished building: ../Unigram.c
 
Building target: Program 3 Unigram
Invoking: MacOS X C Linker
gcc  -o "Program 3 Unigram"  ./Unigram.o   
Finished building target: Program 3 Unigram
 

19:30:44 Build Finished (took 135ms)

